,^^d^Af]^M^^QM^t9M9J^
h^^n#J#?^^b^^q>^^|/br
^^:^^^ t^P:^kW^n#W-^F
^TsYb1lwP7^G=^o&&^Ng3
zU;Z7`HZ^Y^ N<Pt^igi`
*Z{h3^^TGdG AN"2#id^{
rm^th^HVz0:^^^de^^&n*
bZyn^^@^#g-^^^iM^Agn*
rZynq HW/SW Codesign*
*Zynq HW/SW Codesign*
*Zynq HW/SW Codesign*
*Zynq HW/SW Codesign*
*Zynq HW/SW Codesign*
*Zynq HW/SW Codesign*
*Zynq HW/SW Codesign*
*Zynq HW/SW Codesign*
*Zynq HW/SW Codesign*
*Zynq HW/SW Codesign*
*Zynq HW/SW Codesign*
*Zynq HW/SW Codesign*
*Zynq HW/SW Codesign*
*Zynq HW/SW Codesign*
*Zynq HW/SW Codesign*
*Zynq HW/SW Codesign*
*ZynpHHW/SW Codesign*
*Zynq HW/SW Codesign*
*Zynq HW/SW Codesign*
*Zynq HW/SW Codesign*
*Zynq HW/SW Codesign*
*Zynq HW/SW Codesign*